2017-06-07 15:39:27,561 INFO  ApiPrimitiveMaker main Method com.emc.storageos.api.service.impl.resource.BlockService::activateFullCopy is deprecated []
2017-06-07 15:39:27,563 INFO  ApiPrimitiveMaker main Method com.emc.storageos.api.service.impl.resource.BlockService::getFullCopyProgressCheck is deprecated []
2017-06-07 15:39:27,564 INFO  ApiPrimitiveMaker main Method com.emc.storageos.api.service.impl.resource.BlockService::detachFullCopy is deprecated []
2017-06-07 15:39:27,578 INFO  ApiPrimitiveMaker main Method com.emc.storageos.api.service.impl.resource.BlockService::failoverTest is deprecated []
2017-06-07 15:39:27,588 INFO  ApiPrimitiveMaker main Method com.emc.storageos.api.service.impl.resource.BlockService::failoverTestCancel is deprecated []
2017-06-07 15:39:27,652 INFO  ApiPrimitiveMaker main Method com.emc.storageos.api.service.impl.resource.BlockService::changeVolumeVirtualPool is deprecated []
2017-06-07 15:39:27,655 INFO  ApiPrimitiveMaker main Method com.emc.storageos.api.service.impl.resource.BlockService::changeVolumeVirtualArray is deprecated []
2017-06-07 15:39:27,657 INFO  ApiPrimitiveMaker main Method com.emc.storageos.api.service.impl.resource.BlockService::getBulkResources is black listed []
2017-06-07 15:39:27,660 INFO  ApiPrimitiveMaker main Method com.emc.storageos.api.service.impl.resource.BlockService::getTasks is black listed []
2017-06-07 15:39:27,661 INFO  ApiPrimitiveMaker main Method com.emc.storageos.api.service.impl.resource.BlockService::getTask is deprecated []
2017-06-07 15:39:27,661 INFO  ApiPrimitiveMaker main Method com.emc.storageos.api.service.impl.resource.BlockService::assignTags is black listed []
2017-06-07 15:39:27,662 INFO  ApiPrimitiveMaker main Method com.emc.storageos.api.service.impl.resource.BlockService::getTags is black listed []
2017-06-07 15:39:27,662 INFO  ApiPrimitiveMaker main Method com.emc.storageos.api.service.impl.resource.BlockService::search is black listed []
2017-06-07 15:39:27,663 INFO  ApiPrimitiveMaker main Method com.emc.storageos.api.service.impl.resource.BlockService::getBulkIds is black listed []
2017-06-07 15:39:27,667 INFO  ApiPrimitiveMaker main Method com.emc.storageos.api.service.impl.resource.BlockConsistencyGroupService::getBulkResources is black listed []
2017-06-07 15:39:27,705 INFO  ApiPrimitiveMaker main Method com.emc.storageos.api.service.impl.resource.BlockConsistencyGroupService::getTasks is black listed []
2017-06-07 15:39:27,705 INFO  ApiPrimitiveMaker main Method com.emc.storageos.api.service.impl.resource.BlockConsistencyGroupService::getTask is deprecated []
2017-06-07 15:39:27,705 INFO  ApiPrimitiveMaker main Method com.emc.storageos.api.service.impl.resource.BlockConsistencyGroupService::assignTags is black listed []
2017-06-07 15:39:27,705 INFO  ApiPrimitiveMaker main Method com.emc.storageos.api.service.impl.resource.BlockConsistencyGroupService::getTags is black listed []
2017-06-07 15:39:27,705 INFO  ApiPrimitiveMaker main Method com.emc.storageos.api.service.impl.resource.BlockConsistencyGroupService::search is black listed []
2017-06-07 15:39:27,705 INFO  ApiPrimitiveMaker main Method com.emc.storageos.api.service.impl.resource.BlockConsistencyGroupService::getBulkIds is black listed []
2017-06-07 15:39:27,741 INFO  ApiPrimitiveMaker main Method com.emc.storageos.api.service.impl.resource.BlockSnapshotService::getBulkResources is black listed []
2017-06-07 15:39:27,748 INFO  ApiPrimitiveMaker main Method com.emc.storageos.api.service.impl.resource.BlockSnapshotService::getTasks is black listed []
2017-06-07 15:39:27,748 INFO  ApiPrimitiveMaker main Method com.emc.storageos.api.service.impl.resource.BlockSnapshotService::getTask is deprecated []
2017-06-07 15:39:27,750 INFO  ApiPrimitiveMaker main Method com.emc.storageos.api.service.impl.resource.BlockSnapshotService::assignTags is black listed []
2017-06-07 15:39:27,750 INFO  ApiPrimitiveMaker main Method com.emc.storageos.api.service.impl.resource.BlockSnapshotService::getTags is black listed []
2017-06-07 15:39:27,750 INFO  ApiPrimitiveMaker main Method com.emc.storageos.api.service.impl.resource.BlockSnapshotService::search is black listed []
2017-06-07 15:39:27,751 INFO  ApiPrimitiveMaker main Method com.emc.storageos.api.service.impl.resource.BlockSnapshotService::getBulkIds is black listed []
2017-06-07 15:39:27,760 INFO  ApiPrimitiveMaker main Method com.emc.storageos.api.service.impl.resource.ExportGroupService::getBulkResources is black listed []
2017-06-07 15:39:27,769 INFO  ApiPrimitiveMaker main Method com.emc.storageos.api.service.impl.resource.ExportGroupService::getTasks is black listed []
2017-06-07 15:39:27,770 INFO  ApiPrimitiveMaker main Method com.emc.storageos.api.service.impl.resource.ExportGroupService::getTask is deprecated []
2017-06-07 15:39:27,770 INFO  ApiPrimitiveMaker main Method com.emc.storageos.api.service.impl.resource.ExportGroupService::assignTags is black listed []
2017-06-07 15:39:27,770 INFO  ApiPrimitiveMaker main Method com.emc.storageos.api.service.impl.resource.ExportGroupService::getTags is black listed []
2017-06-07 15:39:27,770 INFO  ApiPrimitiveMaker main Method com.emc.storageos.api.service.impl.resource.ExportGroupService::search is black listed []
2017-06-07 15:39:27,773 INFO  ApiPrimitiveMaker main Method com.emc.storageos.api.service.impl.resource.ExportGroupService::getBulkIds is black listed []
2017-06-07 15:39:27,785 INFO  ApiPrimitiveMaker main Method com.emc.storageos.api.service.impl.resource.BlockFullCopyService::getTasks is black listed []
2017-06-07 15:39:27,785 INFO  ApiPrimitiveMaker main Method com.emc.storageos.api.service.impl.resource.BlockFullCopyService::getTask is deprecated []
2017-06-07 15:39:27,786 INFO  ApiPrimitiveMaker main Method com.emc.storageos.api.service.impl.resource.BlockFullCopyService::assignTags is black listed []
2017-06-07 15:39:27,786 INFO  ApiPrimitiveMaker main Method com.emc.storageos.api.service.impl.resource.BlockFullCopyService::getTags is black listed []
2017-06-07 15:39:27,786 INFO  ApiPrimitiveMaker main Method com.emc.storageos.api.service.impl.resource.BlockFullCopyService::search is black listed []
2017-06-07 15:39:27,786 INFO  ApiPrimitiveMaker main Method com.emc.storageos.api.service.impl.resource.BlockFullCopyService::getBulkIds is black listed []
2017-06-07 15:39:27,786 INFO  ApiPrimitiveMaker main Method com.emc.storageos.api.service.impl.resource.BlockFullCopyService::getBulkResources is black listed []
2017-06-07 15:39:27,794 INFO  ApiPrimitiveMaker main Method com.emc.storageos.api.service.impl.resource.BlockSnapshotSessionService::getBulkResources is black listed []
2017-06-07 15:39:27,795 INFO  ApiPrimitiveMaker main Method com.emc.storageos.api.service.impl.resource.BlockSnapshotSessionService::getTasks is black listed []
2017-06-07 15:39:27,798 INFO  ApiPrimitiveMaker main Method com.emc.storageos.api.service.impl.resource.BlockSnapshotSessionService::getTask is deprecated []
2017-06-07 15:39:27,799 INFO  ApiPrimitiveMaker main Method com.emc.storageos.api.service.impl.resource.BlockSnapshotSessionService::assignTags is black listed []
2017-06-07 15:39:27,800 INFO  ApiPrimitiveMaker main Method com.emc.storageos.api.service.impl.resource.BlockSnapshotSessionService::getTags is black listed []
2017-06-07 15:39:27,801 INFO  ApiPrimitiveMaker main Method com.emc.storageos.api.service.impl.resource.BlockSnapshotSessionService::search is black listed []
2017-06-07 15:39:27,803 INFO  ApiPrimitiveMaker main Method com.emc.storageos.api.service.impl.resource.BlockSnapshotSessionService::getBulkIds is black listed []
2017-06-07 15:39:27,809 INFO  ApiPrimitiveMaker main Method com.emc.storageos.api.service.impl.resource.FileService::getFileSystemExportList is deprecated []
2017-06-07 15:39:27,818 INFO  ApiPrimitiveMaker main Method com.emc.storageos.api.service.impl.resource.FileService::updateExport is deprecated []
2017-06-07 15:39:27,818 INFO  ApiPrimitiveMaker main Method com.emc.storageos.api.service.impl.resource.FileService::unexport is deprecated []
2017-06-07 15:39:27,828 INFO  ApiPrimitiveMaker main Method com.emc.storageos.api.service.impl.resource.FileService::getBulkResources is black listed []
2017-06-07 15:39:27,859 INFO  ApiPrimitiveMaker main Method com.emc.storageos.api.service.impl.resource.FileService::startContinuousCopies is deprecated []
2017-06-07 15:39:27,868 INFO  ApiPrimitiveMaker main Method com.emc.storageos.api.service.impl.resource.FileService::updateFileSystemReplicationRPO is deprecated []
2017-06-07 15:39:28,184 INFO  ApiPrimitiveMaker main Method com.emc.storageos.api.service.impl.resource.FileService::getTasks is black listed []
2017-06-07 15:39:28,184 INFO  ApiPrimitiveMaker main Method com.emc.storageos.api.service.impl.resource.FileService::getTask is deprecated []
2017-06-07 15:39:28,184 INFO  ApiPrimitiveMaker main Method com.emc.storageos.api.service.impl.resource.FileService::assignTags is black listed []
2017-06-07 15:39:28,185 INFO  ApiPrimitiveMaker main Method com.emc.storageos.api.service.impl.resource.FileService::getTags is black listed []
2017-06-07 15:39:28,185 INFO  ApiPrimitiveMaker main Method com.emc.storageos.api.service.impl.resource.FileService::search is black listed []
2017-06-07 15:39:28,185 INFO  ApiPrimitiveMaker main Method com.emc.storageos.api.service.impl.resource.FileService::getBulkIds is black listed []
2017-06-07 15:39:28,186 INFO  ApiPrimitiveMaker main Method com.emc.storageos.api.service.impl.resource.FileSnapshotService::getFileSystemSnapshotExportList is deprecated []
2017-06-07 15:39:28,194 INFO  ApiPrimitiveMaker main Method com.emc.storageos.api.service.impl.resource.FileSnapshotService::getBulkResources is black listed []
2017-06-07 15:39:28,197 INFO  ApiPrimitiveMaker main Method com.emc.storageos.api.service.impl.resource.FileSnapshotService::getTasks is black listed []
2017-06-07 15:39:28,197 INFO  ApiPrimitiveMaker main Method com.emc.storageos.api.service.impl.resource.FileSnapshotService::getTask is deprecated []
2017-06-07 15:39:28,197 INFO  ApiPrimitiveMaker main Method com.emc.storageos.api.service.impl.resource.FileSnapshotService::assignTags is black listed []
2017-06-07 15:39:28,197 INFO  ApiPrimitiveMaker main Method com.emc.storageos.api.service.impl.resource.FileSnapshotService::getTags is black listed []
2017-06-07 15:39:28,197 INFO  ApiPrimitiveMaker main Method com.emc.storageos.api.service.impl.resource.FileSnapshotService::search is black listed []
2017-06-07 15:39:28,197 INFO  ApiPrimitiveMaker main Method com.emc.storageos.api.service.impl.resource.FileSnapshotService::getBulkIds is black listed []
2017-06-07 15:39:28,197 INFO  ApiPrimitiveMaker main Method com.emc.storageos.api.service.impl.resource.FileQuotaDirectoryService::getBulkResources is black listed []
2017-06-07 15:39:28,200 INFO  ApiPrimitiveMaker main Method com.emc.storageos.api.service.impl.resource.FileQuotaDirectoryService::getTasks is black listed []
2017-06-07 15:39:28,200 INFO  ApiPrimitiveMaker main Method com.emc.storageos.api.service.impl.resource.FileQuotaDirectoryService::getTask is deprecated []
2017-06-07 15:39:28,200 INFO  ApiPrimitiveMaker main Method com.emc.storageos.api.service.impl.resource.FileQuotaDirectoryService::assignTags is black listed []
2017-06-07 15:39:28,200 INFO  ApiPrimitiveMaker main Method com.emc.storageos.api.service.impl.resource.FileQuotaDirectoryService::getTags is black listed []
2017-06-07 15:39:28,200 INFO  ApiPrimitiveMaker main Method com.emc.storageos.api.service.impl.resource.FileQuotaDirectoryService::search is black listed []
2017-06-07 15:39:28,200 INFO  ApiPrimitiveMaker main Method com.emc.storageos.api.service.impl.resource.FileQuotaDirectoryService::getBulkIds is black listed []
2017-06-07 15:39:28,200 INFO  ApiPrimitiveMaker main Method com.emc.storageos.api.service.impl.resource.FilePolicyService::getBulkResources is black listed []
2017-06-07 15:39:28,206 INFO  ApiPrimitiveMaker main Method com.emc.storageos.api.service.impl.resource.FilePolicyService::getTasks is black listed []
2017-06-07 15:39:28,206 INFO  ApiPrimitiveMaker main Method com.emc.storageos.api.service.impl.resource.FilePolicyService::getTask is deprecated []
2017-06-07 15:39:28,206 INFO  ApiPrimitiveMaker main Method com.emc.storageos.api.service.impl.resource.FilePolicyService::assignTags is black listed []
2017-06-07 15:39:28,206 INFO  ApiPrimitiveMaker main Method com.emc.storageos.api.service.impl.resource.FilePolicyService::getTags is black listed []
2017-06-07 15:39:28,206 INFO  ApiPrimitiveMaker main Method com.emc.storageos.api.service.impl.resource.FilePolicyService::search is black listed []
2017-06-07 15:39:28,207 INFO  ApiPrimitiveMaker main Method com.emc.storageos.api.service.impl.resource.FilePolicyService::getBulkIds is black listed []
2017-06-07 15:39:28,210 INFO  ApiPrimitiveMaker main Method com.emc.storageos.api.service.impl.resource.BucketService::getBulkResources is black listed []
2017-06-07 15:39:28,215 INFO  ApiPrimitiveMaker main Method com.emc.storageos.api.service.impl.resource.BucketService::getTasks is black listed []
2017-06-07 15:39:28,216 INFO  ApiPrimitiveMaker main Method com.emc.storageos.api.service.impl.resource.BucketService::getTask is deprecated []
2017-06-07 15:39:28,216 INFO  ApiPrimitiveMaker main Method com.emc.storageos.api.service.impl.resource.BucketService::assignTags is black listed []
2017-06-07 15:39:28,216 INFO  ApiPrimitiveMaker main Method com.emc.storageos.api.service.impl.resource.BucketService::getTags is black listed []
2017-06-07 15:39:28,216 INFO  ApiPrimitiveMaker main Method com.emc.storageos.api.service.impl.resource.BucketService::search is black listed []
2017-06-07 15:39:28,216 INFO  ApiPrimitiveMaker main Method com.emc.storageos.api.service.impl.resource.BucketService::getBulkIds is black listed []
2017-06-07 15:39:28,224 INFO  ApiPrimitiveMaker main Method com.emc.storageos.api.service.impl.resource.ObjectVirtualPoolService::getBulkResources is black listed []
2017-06-07 15:39:28,225 INFO  ApiPrimitiveMaker main Method com.emc.storageos.api.service.impl.resource.ObjectVirtualPoolService::assignTags is black listed []
2017-06-07 15:39:28,225 INFO  ApiPrimitiveMaker main Method com.emc.storageos.api.service.impl.resource.ObjectVirtualPoolService::getTags is black listed []
2017-06-07 15:39:28,225 INFO  ApiPrimitiveMaker main Method com.emc.storageos.api.service.impl.resource.ObjectVirtualPoolService::search is black listed []
2017-06-07 15:39:28,225 INFO  ApiPrimitiveMaker main Method com.emc.storageos.api.service.impl.resource.ObjectVirtualPoolService::getBulkIds is black listed []
2017-06-07 15:39:28,231 INFO  ApiPrimitiveMaker main Method com.emc.storageos.api.service.impl.resource.ClusterService::updateClusterSharedExports is deprecated []
2017-06-07 15:39:28,231 INFO  ApiPrimitiveMaker main Method com.emc.storageos.api.service.impl.resource.ClusterService::getBulkResources is black listed []
2017-06-07 15:39:28,235 INFO  ApiPrimitiveMaker main Method com.emc.storageos.api.service.impl.resource.ClusterService::getTasks is black listed []
2017-06-07 15:39:28,235 INFO  ApiPrimitiveMaker main Method com.emc.storageos.api.service.impl.resource.ClusterService::getTask is deprecated []
2017-06-07 15:39:28,235 INFO  ApiPrimitiveMaker main Method com.emc.storageos.api.service.impl.resource.ClusterService::assignTags is black listed []
2017-06-07 15:39:28,235 INFO  ApiPrimitiveMaker main Method com.emc.storageos.api.service.impl.resource.ClusterService::getTags is black listed []
2017-06-07 15:39:28,235 INFO  ApiPrimitiveMaker main Method com.emc.storageos.api.service.impl.resource.ClusterService::search is black listed []
2017-06-07 15:39:28,235 INFO  ApiPrimitiveMaker main Method com.emc.storageos.api.service.impl.resource.ClusterService::getBulkIds is black listed []
2017-06-07 15:39:28,247 INFO  ApiPrimitiveMaker main Method com.emc.storageos.api.service.impl.resource.HostService::getBulkResources is black listed []
2017-06-07 15:39:28,278 INFO  ApiPrimitiveMaker main Method com.emc.storageos.api.service.impl.resource.HostService::getTasks is black listed []
2017-06-07 15:39:28,279 INFO  ApiPrimitiveMaker main Method com.emc.storageos.api.service.impl.resource.HostService::getTask is deprecated []
2017-06-07 15:39:28,279 INFO  ApiPrimitiveMaker main Method com.emc.storageos.api.service.impl.resource.HostService::assignTags is black listed []
2017-06-07 15:39:28,279 INFO  ApiPrimitiveMaker main Method com.emc.storageos.api.service.impl.resource.HostService::getTags is black listed []
2017-06-07 15:39:28,279 INFO  ApiPrimitiveMaker main Method com.emc.storageos.api.service.impl.resource.HostService::search is black listed []
2017-06-07 15:39:28,279 INFO  ApiPrimitiveMaker main Method com.emc.storageos.api.service.impl.resource.HostService::getBulkIds is black listed []
2017-06-07 15:39:28,284 INFO  ApiPrimitiveMaker main Method com.emc.storageos.api.service.impl.resource.IpInterfaceService::getBulkResources is black listed []
2017-06-07 15:39:28,288 INFO  ApiPrimitiveMaker main Method com.emc.storageos.api.service.impl.resource.IpInterfaceService::getTasks is black listed []
2017-06-07 15:39:28,288 INFO  ApiPrimitiveMaker main Method com.emc.storageos.api.service.impl.resource.IpInterfaceService::getTask is deprecated []
2017-06-07 15:39:28,288 INFO  ApiPrimitiveMaker main Method com.emc.storageos.api.service.impl.resource.IpInterfaceService::assignTags is black listed []
2017-06-07 15:39:28,288 INFO  ApiPrimitiveMaker main Method com.emc.storageos.api.service.impl.resource.IpInterfaceService::getTags is black listed []
2017-06-07 15:39:28,288 INFO  ApiPrimitiveMaker main Method com.emc.storageos.api.service.impl.resource.IpInterfaceService::search is black listed []
2017-06-07 15:39:28,288 INFO  ApiPrimitiveMaker main Method com.emc.storageos.api.service.impl.resource.IpInterfaceService::getBulkIds is black listed []
2017-06-07 15:39:28,293 INFO  ApiPrimitiveMaker main Method com.emc.storageos.api.service.impl.resource.InitiatorService::getBulkResources is black listed []
2017-06-07 15:39:28,297 INFO  ApiPrimitiveMaker main Method com.emc.storageos.api.service.impl.resource.InitiatorService::getTasks is black listed []
2017-06-07 15:39:28,299 INFO  ApiPrimitiveMaker main Method com.emc.storageos.api.service.impl.resource.InitiatorService::getTask is deprecated []
2017-06-07 15:39:28,299 INFO  ApiPrimitiveMaker main Method com.emc.storageos.api.service.impl.resource.InitiatorService::assignTags is black listed []
2017-06-07 15:39:28,299 INFO  ApiPrimitiveMaker main Method com.emc.storageos.api.service.impl.resource.InitiatorService::getTags is black listed []
2017-06-07 15:39:28,299 INFO  ApiPrimitiveMaker main Method com.emc.storageos.api.service.impl.resource.InitiatorService::search is black listed []
2017-06-07 15:39:28,299 INFO  ApiPrimitiveMaker main Method com.emc.storageos.api.service.impl.resource.InitiatorService::getBulkIds is black listed []
2017-06-07 15:39:28,303 INFO  ApiPrimitiveMaker main Method com.emc.storageos.api.service.impl.resource.VcenterDataCenterService::getBulkResources is black listed []
2017-06-07 15:39:28,305 INFO  ApiPrimitiveMaker main Method com.emc.storageos.api.service.impl.resource.VcenterDataCenterService::getTasks is black listed []
2017-06-07 15:39:28,305 INFO  ApiPrimitiveMaker main Method com.emc.storageos.api.service.impl.resource.VcenterDataCenterService::getTask is deprecated []
2017-06-07 15:39:28,305 INFO  ApiPrimitiveMaker main Method com.emc.storageos.api.service.impl.resource.VcenterDataCenterService::assignTags is black listed []
2017-06-07 15:39:28,305 INFO  ApiPrimitiveMaker main Method com.emc.storageos.api.service.impl.resource.VcenterDataCenterService::getTags is black listed []
2017-06-07 15:39:28,305 INFO  ApiPrimitiveMaker main Method com.emc.storageos.api.service.impl.resource.VcenterDataCenterService::search is black listed []
2017-06-07 15:39:28,305 INFO  ApiPrimitiveMaker main Method com.emc.storageos.api.service.impl.resource.VcenterDataCenterService::getBulkIds is black listed []
2017-06-07 15:39:28,312 INFO  ApiPrimitiveMaker main Method com.emc.storageos.api.service.impl.resource.VcenterService::getBulkResources is black listed []
2017-06-07 15:39:28,316 INFO  ApiPrimitiveMaker main Method com.emc.storageos.api.service.impl.resource.VcenterService::getTasks is black listed []
2017-06-07 15:39:28,316 INFO  ApiPrimitiveMaker main Method com.emc.storageos.api.service.impl.resource.VcenterService::getTask is deprecated []
2017-06-07 15:39:28,316 INFO  ApiPrimitiveMaker main Method com.emc.storageos.api.service.impl.resource.VcenterService::assignTags is black listed []
2017-06-07 15:39:28,316 INFO  ApiPrimitiveMaker main Method com.emc.storageos.api.service.impl.resource.VcenterService::getTags is black listed []
2017-06-07 15:39:28,316 INFO  ApiPrimitiveMaker main Method com.emc.storageos.api.service.impl.resource.VcenterService::search is black listed []
2017-06-07 15:39:28,316 INFO  ApiPrimitiveMaker main Method com.emc.storageos.api.service.impl.resource.VcenterService::getBulkIds is black listed []
2017-06-07 15:39:28,322 INFO  ApiPrimitiveMaker main Method com.emc.storageos.api.service.impl.resource.ComputeSystemService::getBulkResources is black listed []
2017-06-07 15:39:28,322 INFO  ApiPrimitiveMaker main Method com.emc.storageos.api.service.impl.resource.ComputeSystemService::getTasks is black listed []
2017-06-07 15:39:28,323 INFO  ApiPrimitiveMaker main Method com.emc.storageos.api.service.impl.resource.ComputeSystemService::getTask is deprecated []
2017-06-07 15:39:28,323 INFO  ApiPrimitiveMaker main Method com.emc.storageos.api.service.impl.resource.ComputeSystemService::assignTags is black listed []
2017-06-07 15:39:28,323 INFO  ApiPrimitiveMaker main Method com.emc.storageos.api.service.impl.resource.ComputeSystemService::getTags is black listed []
2017-06-07 15:39:28,323 INFO  ApiPrimitiveMaker main Method com.emc.storageos.api.service.impl.resource.ComputeSystemService::search is black listed []
2017-06-07 15:39:28,323 INFO  ApiPrimitiveMaker main Method com.emc.storageos.api.service.impl.resource.ComputeSystemService::getBulkIds is black listed []
2017-06-07 15:39:28,326 INFO  ApiPrimitiveMaker main Method com.emc.storageos.api.service.impl.resource.ComputeElementService::getBulkResources is black listed []
2017-06-07 15:39:28,326 INFO  ApiPrimitiveMaker main Method com.emc.storageos.api.service.impl.resource.ComputeElementService::getTasks is black listed []
2017-06-07 15:39:28,326 INFO  ApiPrimitiveMaker main Method com.emc.storageos.api.service.impl.resource.ComputeElementService::getTask is deprecated []
2017-06-07 15:39:28,327 INFO  ApiPrimitiveMaker main Method com.emc.storageos.api.service.impl.resource.ComputeElementService::assignTags is black listed []
2017-06-07 15:39:28,327 INFO  ApiPrimitiveMaker main Method com.emc.storageos.api.service.impl.resource.ComputeElementService::getTags is black listed []
2017-06-07 15:39:28,327 INFO  ApiPrimitiveMaker main Method com.emc.storageos.api.service.impl.resource.ComputeElementService::search is black listed []
2017-06-07 15:39:28,327 INFO  ApiPrimitiveMaker main Method com.emc.storageos.api.service.impl.resource.ComputeElementService::getBulkIds is black listed []
2017-06-07 15:39:28,336 INFO  ApiPrimitiveMaker main Method com.emc.storageos.api.service.impl.resource.ComputeVirtualPoolService::getBulkResources is black listed []
2017-06-07 15:39:28,338 INFO  ApiPrimitiveMaker main Method com.emc.storageos.api.service.impl.resource.ComputeVirtualPoolService::assignTags is black listed []
2017-06-07 15:39:28,338 INFO  ApiPrimitiveMaker main Method com.emc.storageos.api.service.impl.resource.ComputeVirtualPoolService::getTags is black listed []
2017-06-07 15:39:28,338 INFO  ApiPrimitiveMaker main Method com.emc.storageos.api.service.impl.resource.ComputeVirtualPoolService::search is black listed []
2017-06-07 15:39:28,339 INFO  ApiPrimitiveMaker main Method com.emc.storageos.api.service.impl.resource.ComputeVirtualPoolService::getBulkIds is black listed []
2017-06-07 15:39:28,342 INFO  ApiPrimitiveMaker main Method com.emc.storageos.api.service.impl.resource.ComputeImageService::getBulkResources is black listed []
2017-06-07 15:39:28,342 INFO  ApiPrimitiveMaker main Method com.emc.storageos.api.service.impl.resource.ComputeImageService::getTasks is black listed []
2017-06-07 15:39:28,342 INFO  ApiPrimitiveMaker main Method com.emc.storageos.api.service.impl.resource.ComputeImageService::getTask is deprecated []
2017-06-07 15:39:28,342 INFO  ApiPrimitiveMaker main Method com.emc.storageos.api.service.impl.resource.ComputeImageService::assignTags is black listed []
2017-06-07 15:39:28,342 INFO  ApiPrimitiveMaker main Method com.emc.storageos.api.service.impl.resource.ComputeImageService::getTags is black listed []
2017-06-07 15:39:28,342 INFO  ApiPrimitiveMaker main Method com.emc.storageos.api.service.impl.resource.ComputeImageService::search is black listed []
2017-06-07 15:39:28,342 INFO  ApiPrimitiveMaker main Method com.emc.storageos.api.service.impl.resource.ComputeImageService::getBulkIds is black listed []
2017-06-07 15:39:28,349 INFO  ApiPrimitiveMaker main Method com.emc.storageos.api.service.impl.resource.ComputeImageServerService::getBulkResources is black listed []
2017-06-07 15:39:28,350 INFO  ApiPrimitiveMaker main Method com.emc.storageos.api.service.impl.resource.ComputeImageServerService::getTasks is black listed []
2017-06-07 15:39:28,350 INFO  ApiPrimitiveMaker main Method com.emc.storageos.api.service.impl.resource.ComputeImageServerService::getTask is deprecated []
2017-06-07 15:39:28,350 INFO  ApiPrimitiveMaker main Method com.emc.storageos.api.service.impl.resource.ComputeImageServerService::assignTags is black listed []
2017-06-07 15:39:28,350 INFO  ApiPrimitiveMaker main Method com.emc.storageos.api.service.impl.resource.ComputeImageServerService::getTags is black listed []
2017-06-07 15:39:28,350 INFO  ApiPrimitiveMaker main Method com.emc.storageos.api.service.impl.resource.ComputeImageServerService::search is black listed []
2017-06-07 15:39:28,350 INFO  ApiPrimitiveMaker main Method com.emc.storageos.api.service.impl.resource.ComputeImageServerService::getBulkIds is black listed []
2017-06-07 15:39:28,355 INFO  ApiPrimitiveMaker main Method com.emc.storageos.api.service.impl.resource.AuthnConfigurationService::assignTags is black listed []
2017-06-07 15:39:28,355 INFO  ApiPrimitiveMaker main Method com.emc.storageos.api.service.impl.resource.AuthnConfigurationService::getTags is black listed []
2017-06-07 15:39:28,355 INFO  ApiPrimitiveMaker main Method com.emc.storageos.api.service.impl.resource.AuthnConfigurationService::search is black listed []
2017-06-07 15:39:28,355 INFO  ApiPrimitiveMaker main Method com.emc.storageos.api.service.impl.resource.AuthnConfigurationService::getBulkIds is black listed []
2017-06-07 15:39:28,355 INFO  ApiPrimitiveMaker main Method com.emc.storageos.api.service.impl.resource.AuthnConfigurationService::getBulkResources is black listed []
2017-06-07 15:39:28,358 INFO  ApiPrimitiveMaker main Method com.emc.storageos.api.service.impl.resource.AutoTieringService::getBulkResources is black listed []
2017-06-07 15:39:28,358 INFO  ApiPrimitiveMaker main Method com.emc.storageos.api.service.impl.resource.AutoTieringService::assignTags is black listed []
2017-06-07 15:39:28,358 INFO  ApiPrimitiveMaker main Method com.emc.storageos.api.service.impl.resource.AutoTieringService::getTags is black listed []
2017-06-07 15:39:28,358 INFO  ApiPrimitiveMaker main Method com.emc.storageos.api.service.impl.resource.AutoTieringService::search is black listed []
2017-06-07 15:39:28,358 INFO  ApiPrimitiveMaker main Method com.emc.storageos.api.service.impl.resource.AutoTieringService::getBulkIds is black listed []
2017-06-07 15:39:28,383 INFO  ApiPrimitiveMaker main Method com.emc.storageos.api.service.impl.resource.BlockVirtualPoolService::getBulkResources is black listed []
2017-06-07 15:39:28,384 INFO  ApiPrimitiveMaker main Method com.emc.storageos.api.service.impl.resource.BlockVirtualPoolService::assignTags is black listed []
2017-06-07 15:39:28,384 INFO  ApiPrimitiveMaker main Method com.emc.storageos.api.service.impl.resource.BlockVirtualPoolService::getTags is black listed []
2017-06-07 15:39:28,384 INFO  ApiPrimitiveMaker main Method com.emc.storageos.api.service.impl.resource.BlockVirtualPoolService::search is black listed []
2017-06-07 15:39:28,384 INFO  ApiPrimitiveMaker main Method com.emc.storageos.api.service.impl.resource.BlockVirtualPoolService::getBulkIds is black listed []
2017-06-07 15:39:28,387 INFO  ApiPrimitiveMaker main Method com.emc.storageos.api.service.impl.resource.EventService::getBulkResources is black listed []
2017-06-07 15:39:28,387 INFO  ApiPrimitiveMaker main Method com.emc.storageos.api.service.impl.resource.EventService::assignTags is black listed []
2017-06-07 15:39:28,388 INFO  ApiPrimitiveMaker main Method com.emc.storageos.api.service.impl.resource.EventService::getTags is black listed []
2017-06-07 15:39:28,388 INFO  ApiPrimitiveMaker main Method com.emc.storageos.api.service.impl.resource.EventService::search is black listed []
2017-06-07 15:39:28,388 INFO  ApiPrimitiveMaker main Method com.emc.storageos.api.service.impl.resource.EventService::getBulkIds is black listed []
2017-06-07 15:39:28,396 INFO  ApiPrimitiveMaker main Method com.emc.storageos.api.service.impl.resource.FileVirtualPoolService::getBulkResources is black listed []
2017-06-07 15:39:28,397 INFO  ApiPrimitiveMaker main Method com.emc.storageos.api.service.impl.resource.FileVirtualPoolService::assignTags is black listed []
2017-06-07 15:39:28,397 INFO  ApiPrimitiveMaker main Method com.emc.storageos.api.service.impl.resource.FileVirtualPoolService::getTags is black listed []
2017-06-07 15:39:28,397 INFO  ApiPrimitiveMaker main Method com.emc.storageos.api.service.impl.resource.FileVirtualPoolService::search is black listed []
2017-06-07 15:39:28,397 INFO  ApiPrimitiveMaker main Method com.emc.storageos.api.service.impl.resource.FileVirtualPoolService::getBulkIds is black listed []
2017-06-07 15:39:28,397 INFO  ApiPrimitiveMaker main Method com.emc.storageos.api.service.impl.resource.MigrationService::migrateVolume is deprecated []
2017-06-07 15:39:28,400 INFO  ApiPrimitiveMaker main Method com.emc.storageos.api.service.impl.resource.MigrationService::getBulkResources is black listed []
2017-06-07 15:39:28,401 INFO  ApiPrimitiveMaker main Method com.emc.storageos.api.service.impl.resource.MigrationService::getTasks is black listed []
2017-06-07 15:39:28,401 INFO  ApiPrimitiveMaker main Method com.emc.storageos.api.service.impl.resource.MigrationService::getTask is deprecated []
2017-06-07 15:39:28,401 INFO  ApiPrimitiveMaker main Method com.emc.storageos.api.service.impl.resource.MigrationService::assignTags is black listed []
2017-06-07 15:39:28,401 INFO  ApiPrimitiveMaker main Method com.emc.storageos.api.service.impl.resource.MigrationService::getTags is black listed []
2017-06-07 15:39:28,401 INFO  ApiPrimitiveMaker main Method com.emc.storageos.api.service.impl.resource.MigrationService::search is black listed []
2017-06-07 15:39:28,402 INFO  ApiPrimitiveMaker main Method com.emc.storageos.api.service.impl.resource.MigrationService::getBulkIds is black listed []
2017-06-07 15:39:28,410 INFO  ApiPrimitiveMaker main Method com.emc.storageos.api.service.impl.resource.NetworkSystemService::getBulkResources is black listed []
2017-06-07 15:39:28,414 INFO  ApiPrimitiveMaker main Method com.emc.storageos.api.service.impl.resource.NetworkSystemService::getTasks is black listed []
2017-06-07 15:39:28,414 INFO  ApiPrimitiveMaker main Method com.emc.storageos.api.service.impl.resource.NetworkSystemService::getTask is deprecated []
2017-06-07 15:39:28,414 INFO  ApiPrimitiveMaker main Method com.emc.storageos.api.service.impl.resource.NetworkSystemService::assignTags is black listed []
2017-06-07 15:39:28,414 INFO  ApiPrimitiveMaker main Method com.emc.storageos.api.service.impl.resource.NetworkSystemService::getTags is black listed []
2017-06-07 15:39:28,414 INFO  ApiPrimitiveMaker main Method com.emc.storageos.api.service.impl.resource.NetworkSystemService::search is black listed []
2017-06-07 15:39:28,414 INFO  ApiPrimitiveMaker main Method com.emc.storageos.api.service.impl.resource.NetworkSystemService::getBulkIds is black listed []
2017-06-07 15:39:28,415 INFO  ApiPrimitiveMaker main Method com.emc.storageos.api.service.impl.resource.NetworkService::updateNetworkEndpoints is deprecated []
2017-06-07 15:39:28,418 INFO  ApiPrimitiveMaker main Method com.emc.storageos.api.service.impl.resource.NetworkService::getBulkResources is black listed []
2017-06-07 15:39:28,419 INFO  ApiPrimitiveMaker main Method com.emc.storageos.api.service.impl.resource.NetworkService::assignTags is black listed []
2017-06-07 15:39:28,419 INFO  ApiPrimitiveMaker main Method com.emc.storageos.api.service.impl.resource.NetworkService::getTags is black listed []
2017-06-07 15:39:28,419 INFO  ApiPrimitiveMaker main Method com.emc.storageos.api.service.impl.resource.NetworkService::search is black listed []
2017-06-07 15:39:28,419 INFO  ApiPrimitiveMaker main Method com.emc.storageos.api.service.impl.resource.NetworkService::getBulkIds is black listed []
2017-06-07 15:39:28,423 INFO  ApiPrimitiveMaker main Method com.emc.storageos.api.service.impl.resource.ProtectionSystemService::getBulkResources is black listed []
2017-06-07 15:39:28,424 INFO  ApiPrimitiveMaker main Method com.emc.storageos.api.service.impl.resource.ProtectionSystemService::getTasks is black listed []
2017-06-07 15:39:28,424 INFO  ApiPrimitiveMaker main Method com.emc.storageos.api.service.impl.resource.ProtectionSystemService::getTask is deprecated []
2017-06-07 15:39:28,424 INFO  ApiPrimitiveMaker main Method com.emc.storageos.api.service.impl.resource.ProtectionSystemService::assignTags is black listed []
2017-06-07 15:39:28,424 INFO  ApiPrimitiveMaker main Method com.emc.storageos.api.service.impl.resource.ProtectionSystemService::getTags is black listed []
2017-06-07 15:39:28,424 INFO  ApiPrimitiveMaker main Method com.emc.storageos.api.service.impl.resource.ProtectionSystemService::search is black listed []
2017-06-07 15:39:28,424 INFO  ApiPrimitiveMaker main Method com.emc.storageos.api.service.impl.resource.ProtectionSystemService::getBulkIds is black listed []
2017-06-07 15:39:28,425 INFO  ApiPrimitiveMaker main Method com.emc.storageos.api.service.impl.resource.StorageProviderService::getBulkResources is black listed []
2017-06-07 15:39:28,444 INFO  ApiPrimitiveMaker main Method com.emc.storageos.api.service.impl.resource.StorageProviderService::getTasks is black listed []
2017-06-07 15:39:28,444 INFO  ApiPrimitiveMaker main Method com.emc.storageos.api.service.impl.resource.StorageProviderService::getTask is deprecated []
2017-06-07 15:39:28,445 INFO  ApiPrimitiveMaker main Method com.emc.storageos.api.service.impl.resource.StorageProviderService::assignTags is black listed []
2017-06-07 15:39:28,446 INFO  ApiPrimitiveMaker main Method com.emc.storageos.api.service.impl.resource.StorageProviderService::getTags is black listed []
2017-06-07 15:39:28,446 INFO  ApiPrimitiveMaker main Method com.emc.storageos.api.service.impl.resource.StorageProviderService::search is black listed []
2017-06-07 15:39:28,447 INFO  ApiPrimitiveMaker main Method com.emc.storageos.api.service.impl.resource.StorageProviderService::getBulkIds is black listed []
2017-06-07 15:39:28,454 INFO  ApiPrimitiveMaker main Method com.emc.storageos.api.service.impl.resource.SMISProviderService::getBulkResources is black listed []
2017-06-07 15:39:28,455 INFO  ApiPrimitiveMaker main Method com.emc.storageos.api.service.impl.resource.SMISProviderService::getTasks is black listed []
2017-06-07 15:39:28,455 INFO  ApiPrimitiveMaker main Method com.emc.storageos.api.service.impl.resource.SMISProviderService::getTask is deprecated []
2017-06-07 15:39:28,455 INFO  ApiPrimitiveMaker main Method com.emc.storageos.api.service.impl.resource.SMISProviderService::assignTags is black listed []
2017-06-07 15:39:28,455 INFO  ApiPrimitiveMaker main Method com.emc.storageos.api.service.impl.resource.SMISProviderService::getTags is black listed []
2017-06-07 15:39:28,455 INFO  ApiPrimitiveMaker main Method com.emc.storageos.api.service.impl.resource.SMISProviderService::search is black listed []
2017-06-07 15:39:28,455 INFO  ApiPrimitiveMaker main Method com.emc.storageos.api.service.impl.resource.SMISProviderService::getBulkIds is black listed []
2017-06-07 15:39:28,457 INFO  ApiPrimitiveMaker main Method com.emc.storageos.api.service.impl.resource.StorageTierService::getBulkResources is black listed []
2017-06-07 15:39:28,457 INFO  ApiPrimitiveMaker main Method com.emc.storageos.api.service.impl.resource.StorageTierService::assignTags is black listed []
2017-06-07 15:39:28,457 INFO  ApiPrimitiveMaker main Method com.emc.storageos.api.service.impl.resource.StorageTierService::getTags is black listed []
2017-06-07 15:39:28,457 INFO  ApiPrimitiveMaker main Method com.emc.storageos.api.service.impl.resource.StorageTierService::search is black listed []
2017-06-07 15:39:28,458 INFO  ApiPrimitiveMaker main Method com.emc.storageos.api.service.impl.resource.StorageTierService::getBulkIds is black listed []
2017-06-07 15:39:28,472 INFO  ApiPrimitiveMaker main Method com.emc.storageos.api.service.impl.resource.StorageSystemService::getBulkResources is black listed []
2017-06-07 15:39:28,472 INFO  ApiPrimitiveMaker main Method com.emc.storageos.api.service.impl.resource.StorageSystemService::getTasks is black listed []
2017-06-07 15:39:28,473 INFO  ApiPrimitiveMaker main Method com.emc.storageos.api.service.impl.resource.StorageSystemService::getTask is deprecated []
2017-06-07 15:39:28,473 INFO  ApiPrimitiveMaker main Method com.emc.storageos.api.service.impl.resource.StorageSystemService::assignTags is black listed []
2017-06-07 15:39:28,473 INFO  ApiPrimitiveMaker main Method com.emc.storageos.api.service.impl.resource.StorageSystemService::getTags is black listed []
2017-06-07 15:39:28,473 INFO  ApiPrimitiveMaker main Method com.emc.storageos.api.service.impl.resource.StorageSystemService::search is black listed []
2017-06-07 15:39:28,473 INFO  ApiPrimitiveMaker main Method com.emc.storageos.api.service.impl.resource.StorageSystemService::getBulkIds is black listed []
2017-06-07 15:39:28,476 INFO  ApiPrimitiveMaker main Method com.emc.storageos.api.service.impl.resource.StoragePortService::getBulkResources is black listed []
2017-06-07 15:39:28,476 INFO  ApiPrimitiveMaker main Method com.emc.storageos.api.service.impl.resource.StoragePortService::assignTags is black listed []
2017-06-07 15:39:28,476 INFO  ApiPrimitiveMaker main Method com.emc.storageos.api.service.impl.resource.StoragePortService::getTags is black listed []
2017-06-07 15:39:28,476 INFO  ApiPrimitiveMaker main Method com.emc.storageos.api.service.impl.resource.StoragePortService::search is black listed []
2017-06-07 15:39:28,476 INFO  ApiPrimitiveMaker main Method com.emc.storageos.api.service.impl.resource.StoragePortService::getBulkIds is black listed []
2017-06-07 15:39:28,481 INFO  ApiPrimitiveMaker main Method com.emc.storageos.api.service.impl.resource.StoragePoolService::getBulkResources is black listed []
2017-06-07 15:39:28,481 INFO  ApiPrimitiveMaker main Method com.emc.storageos.api.service.impl.resource.StoragePoolService::assignTags is black listed []
2017-06-07 15:39:28,481 INFO  ApiPrimitiveMaker main Method com.emc.storageos.api.service.impl.resource.StoragePoolService::getTags is black listed []
2017-06-07 15:39:28,481 INFO  ApiPrimitiveMaker main Method com.emc.storageos.api.service.impl.resource.StoragePoolService::search is black listed []
2017-06-07 15:39:28,481 INFO  ApiPrimitiveMaker main Method com.emc.storageos.api.service.impl.resource.StoragePoolService::getBulkIds is black listed []
2017-06-07 15:39:28,482 INFO  ApiPrimitiveMaker main Method com.emc.storageos.api.service.impl.resource.UnManagedVolumeService::getBulkResources is black listed []
2017-06-07 15:39:28,485 INFO  ApiPrimitiveMaker main Method com.emc.storageos.api.service.impl.resource.UnManagedVolumeService::getTasks is black listed []
2017-06-07 15:39:28,486 INFO  ApiPrimitiveMaker main Method com.emc.storageos.api.service.impl.resource.UnManagedVolumeService::getTask is deprecated []
2017-06-07 15:39:28,487 INFO  ApiPrimitiveMaker main Method com.emc.storageos.api.service.impl.resource.UnManagedVolumeService::assignTags is black listed []
2017-06-07 15:39:28,488 INFO  ApiPrimitiveMaker main Method com.emc.storageos.api.service.impl.resource.UnManagedVolumeService::getTags is black listed []
2017-06-07 15:39:28,489 INFO  ApiPrimitiveMaker main Method com.emc.storageos.api.service.impl.resource.UnManagedVolumeService::search is black listed []
2017-06-07 15:39:28,490 INFO  ApiPrimitiveMaker main Method com.emc.storageos.api.service.impl.resource.UnManagedVolumeService::getBulkIds is black listed []
2017-06-07 15:39:28,491 INFO  ApiPrimitiveMaker main Method com.emc.storageos.api.service.impl.resource.UnManagedFilesystemService::getBulkResources is black listed []
2017-06-07 15:39:28,491 INFO  ApiPrimitiveMaker main Method com.emc.storageos.api.service.impl.resource.UnManagedFilesystemService::assignTags is black listed []
2017-06-07 15:39:28,491 INFO  ApiPrimitiveMaker main Method com.emc.storageos.api.service.impl.resource.UnManagedFilesystemService::getTags is black listed []
2017-06-07 15:39:28,491 INFO  ApiPrimitiveMaker main Method com.emc.storageos.api.service.impl.resource.UnManagedFilesystemService::search is black listed []
2017-06-07 15:39:28,491 INFO  ApiPrimitiveMaker main Method com.emc.storageos.api.service.impl.resource.UnManagedFilesystemService::getBulkIds is black listed []
2017-06-07 15:39:28,492 INFO  ApiPrimitiveMaker main Method com.emc.storageos.api.service.impl.resource.UnManagedExportMaskService::getBulkResources is black listed []
2017-06-07 15:39:28,492 INFO  ApiPrimitiveMaker main Method com.emc.storageos.api.service.impl.resource.UnManagedExportMaskService::assignTags is black listed []
2017-06-07 15:39:28,492 INFO  ApiPrimitiveMaker main Method com.emc.storageos.api.service.impl.resource.UnManagedExportMaskService::getTags is black listed []
2017-06-07 15:39:28,493 INFO  ApiPrimitiveMaker main Method com.emc.storageos.api.service.impl.resource.UnManagedExportMaskService::search is black listed []
2017-06-07 15:39:28,494 INFO  ApiPrimitiveMaker main Method com.emc.storageos.api.service.impl.resource.UnManagedExportMaskService::getBulkIds is black listed []
2017-06-07 15:39:28,500 INFO  ApiPrimitiveMaker main Method com.emc.storageos.api.service.impl.resource.VirtualArrayService::getBulkResources is black listed []
2017-06-07 15:39:28,500 INFO  ApiPrimitiveMaker main Method com.emc.storageos.api.service.impl.resource.VirtualArrayService::assignTags is black listed []
2017-06-07 15:39:28,500 INFO  ApiPrimitiveMaker main Method com.emc.storageos.api.service.impl.resource.VirtualArrayService::getTags is black listed []
2017-06-07 15:39:28,500 INFO  ApiPrimitiveMaker main Method com.emc.storageos.api.service.impl.resource.VirtualArrayService::search is black listed []
2017-06-07 15:39:28,500 INFO  ApiPrimitiveMaker main Method com.emc.storageos.api.service.impl.resource.VirtualArrayService::getBulkIds is black listed []
2017-06-07 15:39:28,505 INFO  ApiPrimitiveMaker main Method com.emc.storageos.api.service.impl.resource.VirtualDataCenterService::getTasks is black listed []
2017-06-07 15:39:28,505 INFO  ApiPrimitiveMaker main Method com.emc.storageos.api.service.impl.resource.VirtualDataCenterService::getTask is deprecated []
2017-06-07 15:39:28,505 INFO  ApiPrimitiveMaker main Method com.emc.storageos.api.service.impl.resource.VirtualDataCenterService::assignTags is black listed []
2017-06-07 15:39:28,505 INFO  ApiPrimitiveMaker main Method com.emc.storageos.api.service.impl.resource.VirtualDataCenterService::getTags is black listed []
2017-06-07 15:39:28,505 INFO  ApiPrimitiveMaker main Method com.emc.storageos.api.service.impl.resource.VirtualDataCenterService::search is black listed []
2017-06-07 15:39:28,506 INFO  ApiPrimitiveMaker main Method com.emc.storageos.api.service.impl.resource.VirtualDataCenterService::getBulkIds is black listed []
2017-06-07 15:39:28,506 INFO  ApiPrimitiveMaker main Method com.emc.storageos.api.service.impl.resource.VirtualDataCenterService::getBulkResources is black listed []
2017-06-07 15:39:28,507 INFO  ApiPrimitiveMaker main Method com.emc.storageos.api.service.impl.resource.UserGroupService::getBulkResources is black listed []
2017-06-07 15:39:28,507 INFO  ApiPrimitiveMaker main Method com.emc.storageos.api.service.impl.resource.UserGroupService::assignTags is black listed []
2017-06-07 15:39:28,507 INFO  ApiPrimitiveMaker main Method com.emc.storageos.api.service.impl.resource.UserGroupService::getTags is black listed []
2017-06-07 15:39:28,507 INFO  ApiPrimitiveMaker main Method com.emc.storageos.api.service.impl.resource.UserGroupService::search is black listed []
2017-06-07 15:39:28,507 INFO  ApiPrimitiveMaker main Method com.emc.storageos.api.service.impl.resource.UserGroupService::getBulkIds is black listed []
2017-06-07 15:39:28,508 INFO  ApiPrimitiveMaker main Method com.emc.storageos.api.service.impl.resource.VirtualNasService::getBulkResources is black listed []
2017-06-07 15:39:28,508 INFO  ApiPrimitiveMaker main Method com.emc.storageos.api.service.impl.resource.VirtualNasService::assignTags is black listed []
2017-06-07 15:39:28,508 INFO  ApiPrimitiveMaker main Method com.emc.storageos.api.service.impl.resource.VirtualNasService::getTags is black listed []
2017-06-07 15:39:28,508 INFO  ApiPrimitiveMaker main Method com.emc.storageos.api.service.impl.resource.VirtualNasService::search is black listed []
2017-06-07 15:39:28,508 INFO  ApiPrimitiveMaker main Method com.emc.storageos.api.service.impl.resource.VirtualNasService::getBulkIds is black listed []
2017-06-07 15:39:28,526 INFO  ApiPrimitiveMaker main Method com.emc.storageos.api.service.impl.resource.ObjectNamespaceService::assignTags is black listed []
2017-06-07 15:39:28,526 INFO  ApiPrimitiveMaker main Method com.emc.storageos.api.service.impl.resource.ObjectNamespaceService::getTags is black listed []
2017-06-07 15:39:28,526 INFO  ApiPrimitiveMaker main Method com.emc.storageos.api.service.impl.resource.ObjectNamespaceService::search is black listed []
2017-06-07 15:39:28,526 INFO  ApiPrimitiveMaker main Method com.emc.storageos.api.service.impl.resource.ObjectNamespaceService::getBulkIds is black listed []
2017-06-07 15:39:28,526 INFO  ApiPrimitiveMaker main Method com.emc.storageos.api.service.impl.resource.ObjectNamespaceService::getBulkResources is black listed []
2017-06-07 15:39:28,529 INFO  ApiPrimitiveMaker main Method com.emc.storageos.api.service.impl.resource.StorageSystemTypeService::getTasks is black listed []
2017-06-07 15:39:28,530 INFO  ApiPrimitiveMaker main Method com.emc.storageos.api.service.impl.resource.StorageSystemTypeService::getTask is deprecated []
2017-06-07 15:39:28,531 INFO  ApiPrimitiveMaker main Method com.emc.storageos.api.service.impl.resource.StorageSystemTypeService::assignTags is black listed []
2017-06-07 15:39:28,531 INFO  ApiPrimitiveMaker main Method com.emc.storageos.api.service.impl.resource.StorageSystemTypeService::getTags is black listed []
2017-06-07 15:39:28,531 INFO  ApiPrimitiveMaker main Method com.emc.storageos.api.service.impl.resource.StorageSystemTypeService::search is black listed []
2017-06-07 15:39:28,531 INFO  ApiPrimitiveMaker main Method com.emc.storageos.api.service.impl.resource.StorageSystemTypeService::getBulkIds is black listed []
2017-06-07 15:39:28,531 INFO  ApiPrimitiveMaker main Method com.emc.storageos.api.service.impl.resource.StorageSystemTypeService::getBulkResources is black listed []
2017-06-07 15:39:28,535 INFO  ApiPrimitiveMaker main Method com.emc.storageos.api.service.impl.resource.ProjectService::getBulkResources is black listed []
2017-06-07 15:39:28,536 INFO  ApiPrimitiveMaker main Method com.emc.storageos.api.service.impl.resource.ProjectService::assignTags is black listed []
2017-06-07 15:39:28,536 INFO  ApiPrimitiveMaker main Method com.emc.storageos.api.service.impl.resource.ProjectService::getTags is black listed []
2017-06-07 15:39:28,536 INFO  ApiPrimitiveMaker main Method com.emc.storageos.api.service.impl.resource.ProjectService::search is black listed []
2017-06-07 15:39:28,536 INFO  ApiPrimitiveMaker main Method com.emc.storageos.api.service.impl.resource.ProjectService::getBulkIds is black listed []
2017-06-07 15:39:28,540 INFO  ApiPrimitiveMaker main Method com.emc.storageos.api.service.impl.resource.TenantsService::getBulkResources is black listed []
2017-06-07 15:39:28,540 INFO  ApiPrimitiveMaker main Method com.emc.storageos.api.service.impl.resource.TenantsService::createHost is deprecated []
2017-06-07 15:39:28,540 INFO  ApiPrimitiveMaker main Method com.emc.storageos.api.service.impl.resource.TenantsService::listHosts is deprecated []
2017-06-07 15:39:28,542 INFO  ApiPrimitiveMaker main Method com.emc.storageos.api.service.impl.resource.TenantsService::assignTags is black listed []
2017-06-07 15:39:28,542 INFO  ApiPrimitiveMaker main Method com.emc.storageos.api.service.impl.resource.TenantsService::getTags is black listed []
2017-06-07 15:39:28,542 INFO  ApiPrimitiveMaker main Method com.emc.storageos.api.service.impl.resource.TenantsService::search is black listed []
2017-06-07 15:39:28,542 INFO  ApiPrimitiveMaker main Method com.emc.storageos.api.service.impl.resource.TenantsService::getBulkIds is black listed []
2017-06-07 15:39:28,547 INFO  ApiPrimitiveMaker main Method com.emc.storageos.api.service.impl.resource.SchedulePolicyService::assignTags is black listed []
2017-06-07 15:39:28,547 INFO  ApiPrimitiveMaker main Method com.emc.storageos.api.service.impl.resource.SchedulePolicyService::getTags is black listed []
2017-06-07 15:39:28,547 INFO  ApiPrimitiveMaker main Method com.emc.storageos.api.service.impl.resource.SchedulePolicyService::search is black listed []
2017-06-07 15:39:28,547 INFO  ApiPrimitiveMaker main Method com.emc.storageos.api.service.impl.resource.SchedulePolicyService::getBulkIds is black listed []
2017-06-07 15:39:28,547 INFO  ApiPrimitiveMaker main Method com.emc.storageos.api.service.impl.resource.SchedulePolicyService::getBulkResources is black listed []
2017-06-07 15:39:28,548 INFO  ApiPrimitiveMaker main Method com.emc.storageos.api.service.impl.resource.CustomConfigService::getBulkResources is black listed []
2017-06-07 15:39:28,548 INFO  ApiPrimitiveMaker main Method com.emc.storageos.api.service.impl.resource.CustomConfigService::getBulkIds is black listed []
2017-06-07 15:39:28,551 INFO  ApiPrimitiveMaker main Method com.emc.storageos.api.service.impl.resource.CustomConfigService::search is black listed []
2017-06-07 15:39:28,566 INFO  ApiPrimitiveMaker main Method com.emc.storageos.api.service.impl.resource.VolumeGroupService::getTasks is black listed []
2017-06-07 15:39:28,567 INFO  ApiPrimitiveMaker main Method com.emc.storageos.api.service.impl.resource.VolumeGroupService::getTask is deprecated []
2017-06-07 15:39:28,567 INFO  ApiPrimitiveMaker main Method com.emc.storageos.api.service.impl.resource.VolumeGroupService::assignTags is black listed []
2017-06-07 15:39:28,567 INFO  ApiPrimitiveMaker main Method com.emc.storageos.api.service.impl.resource.VolumeGroupService::getTags is black listed []
2017-06-07 15:39:28,567 INFO  ApiPrimitiveMaker main Method com.emc.storageos.api.service.impl.resource.VolumeGroupService::search is black listed []
2017-06-07 15:39:28,567 INFO  ApiPrimitiveMaker main Method com.emc.storageos.api.service.impl.resource.VolumeGroupService::getBulkIds is black listed []
2017-06-07 15:39:28,567 INFO  ApiPrimitiveMaker main Method com.emc.storageos.api.service.impl.resource.VolumeGroupService::getBulkResources is black listed []
2017-06-07 15:39:28,569 INFO  ApiPrimitiveMaker main Method com.emc.storageos.api.service.impl.resource.cinder.ExportService::getTasks is black listed []
2017-06-07 15:39:28,569 INFO  ApiPrimitiveMaker main Method com.emc.storageos.api.service.impl.resource.cinder.ExportService::getTask is deprecated []
2017-06-07 15:39:28,569 INFO  ApiPrimitiveMaker main Method com.emc.storageos.api.service.impl.resource.cinder.ExportService::assignTags is black listed []
2017-06-07 15:39:28,569 INFO  ApiPrimitiveMaker main Method com.emc.storageos.api.service.impl.resource.cinder.ExportService::getTags is black listed []
2017-06-07 15:39:28,569 INFO  ApiPrimitiveMaker main Method com.emc.storageos.api.service.impl.resource.cinder.ExportService::search is black listed []
2017-06-07 15:39:28,569 INFO  ApiPrimitiveMaker main Method com.emc.storageos.api.service.impl.resource.cinder.ExportService::getBulkIds is black listed []
2017-06-07 15:39:28,569 INFO  ApiPrimitiveMaker main Method com.emc.storageos.api.service.impl.resource.cinder.ExportService::getBulkResources is black listed []
2017-06-07 15:39:28,571 INFO  ApiPrimitiveMaker main Method com.emc.storageos.api.service.impl.resource.cinder.SnapshotService::getTasks is black listed []
2017-06-07 15:39:28,571 INFO  ApiPrimitiveMaker main Method com.emc.storageos.api.service.impl.resource.cinder.SnapshotService::getTask is deprecated []
2017-06-07 15:39:28,571 INFO  ApiPrimitiveMaker main Method com.emc.storageos.api.service.impl.resource.cinder.SnapshotService::assignTags is black listed []
2017-06-07 15:39:28,571 INFO  ApiPrimitiveMaker main Method com.emc.storageos.api.service.impl.resource.cinder.SnapshotService::getTags is black listed []
2017-06-07 15:39:28,571 INFO  ApiPrimitiveMaker main Method com.emc.storageos.api.service.impl.resource.cinder.SnapshotService::search is black listed []
2017-06-07 15:39:28,571 INFO  ApiPrimitiveMaker main Method com.emc.storageos.api.service.impl.resource.cinder.SnapshotService::getBulkIds is black listed []
2017-06-07 15:39:28,571 INFO  ApiPrimitiveMaker main Method com.emc.storageos.api.service.impl.resource.cinder.SnapshotService::getBulkResources is black listed []
2017-06-07 15:39:28,572 INFO  ApiPrimitiveMaker main Method com.emc.storageos.api.service.impl.resource.cinder.QuotaService::getTasks is black listed []
2017-06-07 15:39:28,572 INFO  ApiPrimitiveMaker main Method com.emc.storageos.api.service.impl.resource.cinder.QuotaService::getTask is deprecated []
2017-06-07 15:39:28,572 INFO  ApiPrimitiveMaker main Method com.emc.storageos.api.service.impl.resource.cinder.QuotaService::assignTags is black listed []
2017-06-07 15:39:28,572 INFO  ApiPrimitiveMaker main Method com.emc.storageos.api.service.impl.resource.cinder.QuotaService::getTags is black listed []
2017-06-07 15:39:28,572 INFO  ApiPrimitiveMaker main Method com.emc.storageos.api.service.impl.resource.cinder.QuotaService::search is black listed []
2017-06-07 15:39:28,572 INFO  ApiPrimitiveMaker main Method com.emc.storageos.api.service.impl.resource.cinder.QuotaService::getBulkIds is black listed []
2017-06-07 15:39:28,572 INFO  ApiPrimitiveMaker main Method com.emc.storageos.api.service.impl.resource.cinder.QuotaService::getBulkResources is black listed []
2017-06-07 15:39:28,573 INFO  ApiPrimitiveMaker main Method com.emc.storageos.api.service.impl.resource.cinder.QuotaClassService::getTasks is black listed []
2017-06-07 15:39:28,573 INFO  ApiPrimitiveMaker main Method com.emc.storageos.api.service.impl.resource.cinder.QuotaClassService::getTask is deprecated []
2017-06-07 15:39:28,573 INFO  ApiPrimitiveMaker main Method com.emc.storageos.api.service.impl.resource.cinder.QuotaClassService::assignTags is black listed []
2017-06-07 15:39:28,573 INFO  ApiPrimitiveMaker main Method com.emc.storageos.api.service.impl.resource.cinder.QuotaClassService::getTags is black listed []
2017-06-07 15:39:28,573 INFO  ApiPrimitiveMaker main Method com.emc.storageos.api.service.impl.resource.cinder.QuotaClassService::search is black listed []
2017-06-07 15:39:28,573 INFO  ApiPrimitiveMaker main Method com.emc.storageos.api.service.impl.resource.cinder.QuotaClassService::getBulkIds is black listed []
2017-06-07 15:39:28,573 INFO  ApiPrimitiveMaker main Method com.emc.storageos.api.service.impl.resource.cinder.QuotaClassService::getBulkResources is black listed []
2017-06-07 15:39:28,574 INFO  ApiPrimitiveMaker main Method com.emc.storageos.api.service.impl.resource.cinder.ConsistencyGroupSnapshotService::getTasks is black listed []
2017-06-07 15:39:28,574 INFO  ApiPrimitiveMaker main Method com.emc.storageos.api.service.impl.resource.cinder.ConsistencyGroupSnapshotService::getTask is deprecated []
2017-06-07 15:39:28,574 INFO  ApiPrimitiveMaker main Method com.emc.storageos.api.service.impl.resource.cinder.ConsistencyGroupSnapshotService::assignTags is black listed []
2017-06-07 15:39:28,574 INFO  ApiPrimitiveMaker main Method com.emc.storageos.api.service.impl.resource.cinder.ConsistencyGroupSnapshotService::getTags is black listed []
2017-06-07 15:39:28,574 INFO  ApiPrimitiveMaker main Method com.emc.storageos.api.service.impl.resource.cinder.ConsistencyGroupSnapshotService::search is black listed []
2017-06-07 15:39:28,574 INFO  ApiPrimitiveMaker main Method com.emc.storageos.api.service.impl.resource.cinder.ConsistencyGroupSnapshotService::getBulkIds is black listed []
2017-06-07 15:39:28,574 INFO  ApiPrimitiveMaker main Method com.emc.storageos.api.service.impl.resource.cinder.ConsistencyGroupSnapshotService::getBulkResources is black listed []
2017-06-07 15:39:28,576 INFO  ApiPrimitiveMaker main Method com.emc.storageos.api.service.impl.resource.cinder.TypeService::getTasks is black listed []
2017-06-07 15:39:28,576 INFO  ApiPrimitiveMaker main Method com.emc.storageos.api.service.impl.resource.cinder.TypeService::getTask is deprecated []
2017-06-07 15:39:28,576 INFO  ApiPrimitiveMaker main Method com.emc.storageos.api.service.impl.resource.cinder.TypeService::assignTags is black listed []
2017-06-07 15:39:28,576 INFO  ApiPrimitiveMaker main Method com.emc.storageos.api.service.impl.resource.cinder.TypeService::getTags is black listed []
2017-06-07 15:39:28,576 INFO  ApiPrimitiveMaker main Method com.emc.storageos.api.service.impl.resource.cinder.TypeService::search is black listed []
2017-06-07 15:39:28,576 INFO  ApiPrimitiveMaker main Method com.emc.storageos.api.service.impl.resource.cinder.TypeService::getBulkIds is black listed []
2017-06-07 15:39:28,576 INFO  ApiPrimitiveMaker main Method com.emc.storageos.api.service.impl.resource.cinder.TypeService::getBulkResources is black listed []
2017-06-07 15:39:28,580 INFO  ApiPrimitiveMaker main Method com.emc.storageos.api.service.impl.resource.cinder.QosService::getTasks is black listed []
2017-06-07 15:39:28,580 INFO  ApiPrimitiveMaker main Method com.emc.storageos.api.service.impl.resource.cinder.QosService::getTask is deprecated []
2017-06-07 15:39:28,580 INFO  ApiPrimitiveMaker main Method com.emc.storageos.api.service.impl.resource.cinder.QosService::assignTags is black listed []
2017-06-07 15:39:28,580 INFO  ApiPrimitiveMaker main Method com.emc.storageos.api.service.impl.resource.cinder.QosService::getTags is black listed []
2017-06-07 15:39:28,580 INFO  ApiPrimitiveMaker main Method com.emc.storageos.api.service.impl.resource.cinder.QosService::search is black listed []
2017-06-07 15:39:28,580 INFO  ApiPrimitiveMaker main Method com.emc.storageos.api.service.impl.resource.cinder.QosService::getBulkIds is black listed []
2017-06-07 15:39:28,581 INFO  ApiPrimitiveMaker main Method com.emc.storageos.api.service.impl.resource.cinder.QosService::getBulkResources is black listed []
2017-06-07 15:39:28,582 INFO  ApiPrimitiveMaker main Method com.emc.storageos.api.service.impl.resource.cinder.ConsistencyGroupService::getTasks is black listed []
2017-06-07 15:39:28,582 INFO  ApiPrimitiveMaker main Method com.emc.storageos.api.service.impl.resource.cinder.ConsistencyGroupService::getTask is deprecated []
2017-06-07 15:39:28,582 INFO  ApiPrimitiveMaker main Method com.emc.storageos.api.service.impl.resource.cinder.ConsistencyGroupService::assignTags is black listed []
2017-06-07 15:39:28,582 INFO  ApiPrimitiveMaker main Method com.emc.storageos.api.service.impl.resource.cinder.ConsistencyGroupService::getTags is black listed []
2017-06-07 15:39:28,582 INFO  ApiPrimitiveMaker main Method com.emc.storageos.api.service.impl.resource.cinder.ConsistencyGroupService::search is black listed []
2017-06-07 15:39:28,582 INFO  ApiPrimitiveMaker main Method com.emc.storageos.api.service.impl.resource.cinder.ConsistencyGroupService::getBulkIds is black listed []
2017-06-07 15:39:28,582 INFO  ApiPrimitiveMaker main Method com.emc.storageos.api.service.impl.resource.cinder.ConsistencyGroupService::getBulkResources is black listed []
2017-06-07 15:39:28,583 INFO  ApiPrimitiveMaker main Method com.emc.storageos.api.service.impl.resource.cinder.MiscService::getTasks is black listed []
2017-06-07 15:39:28,584 INFO  ApiPrimitiveMaker main Method com.emc.storageos.api.service.impl.resource.cinder.MiscService::getTask is deprecated []
2017-06-07 15:39:28,584 INFO  ApiPrimitiveMaker main Method com.emc.storageos.api.service.impl.resource.cinder.MiscService::assignTags is black listed []
2017-06-07 15:39:28,584 INFO  ApiPrimitiveMaker main Method com.emc.storageos.api.service.impl.resource.cinder.MiscService::getTags is black listed []
2017-06-07 15:39:28,584 INFO  ApiPrimitiveMaker main Method com.emc.storageos.api.service.impl.resource.cinder.MiscService::search is black listed []
2017-06-07 15:39:28,584 INFO  ApiPrimitiveMaker main Method com.emc.storageos.api.service.impl.resource.cinder.MiscService::getBulkIds is black listed []
2017-06-07 15:39:28,584 INFO  ApiPrimitiveMaker main Method com.emc.storageos.api.service.impl.resource.cinder.MiscService::getBulkResources is black listed []
2017-06-07 15:39:28,586 INFO  ApiPrimitiveMaker main Method com.emc.storageos.api.service.impl.resource.KeystoneService::getTasks is black listed []
2017-06-07 15:39:28,586 INFO  ApiPrimitiveMaker main Method com.emc.storageos.api.service.impl.resource.KeystoneService::getTask is deprecated []
2017-06-07 15:39:28,586 INFO  ApiPrimitiveMaker main Method com.emc.storageos.api.service.impl.resource.KeystoneService::assignTags is black listed []
2017-06-07 15:39:28,586 INFO  ApiPrimitiveMaker main Method com.emc.storageos.api.service.impl.resource.KeystoneService::getTags is black listed []
2017-06-07 15:39:28,586 INFO  ApiPrimitiveMaker main Method com.emc.storageos.api.service.impl.resource.KeystoneService::search is black listed []
2017-06-07 15:39:28,586 INFO  ApiPrimitiveMaker main Method com.emc.storageos.api.service.impl.resource.KeystoneService::getBulkIds is black listed []
2017-06-07 15:39:28,609 INFO  ApiPrimitiveMaker main Method com.emc.storageos.api.service.impl.resource.KeystoneService::getBulkResources is black listed []
2017-06-07 15:39:28,614 INFO  ApiPrimitiveMaker main Method com.emc.storageos.api.service.impl.resource.WorkflowService::getTasks is black listed []
2017-06-07 15:39:28,614 INFO  ApiPrimitiveMaker main Method com.emc.storageos.api.service.impl.resource.WorkflowService::getTask is deprecated []
2017-06-07 15:39:28,614 INFO  ApiPrimitiveMaker main Method com.emc.storageos.api.service.impl.resource.WorkflowService::assignTags is black listed []
2017-06-07 15:39:28,614 INFO  ApiPrimitiveMaker main Method com.emc.storageos.api.service.impl.resource.WorkflowService::getTags is black listed []
2017-06-07 15:39:28,614 INFO  ApiPrimitiveMaker main Method com.emc.storageos.api.service.impl.resource.WorkflowService::search is black listed []
2017-06-07 15:39:28,614 INFO  ApiPrimitiveMaker main Method com.emc.storageos.api.service.impl.resource.WorkflowService::getBulkIds is black listed []
2017-06-07 15:39:28,614 INFO  ApiPrimitiveMaker main Method com.emc.storageos.api.service.impl.resource.WorkflowService::getBulkResources is black listed []
2017-06-07 15:39:28,615 INFO  ApiPrimitiveMaker main Method com.emc.storageos.api.service.impl.resource.TaskService::getBulkResources is black listed []
2017-06-07 15:39:28,615 INFO  ApiPrimitiveMaker main Method com.emc.storageos.api.service.impl.resource.TaskService::getTasks is black listed []
2017-06-07 15:39:28,616 INFO  ApiPrimitiveMaker main Method com.emc.storageos.api.service.impl.resource.TaskService::assignTags is black listed []
2017-06-07 15:39:28,616 INFO  ApiPrimitiveMaker main Method com.emc.storageos.api.service.impl.resource.TaskService::getTags is black listed []
2017-06-07 15:39:28,616 INFO  ApiPrimitiveMaker main Method com.emc.storageos.api.service.impl.resource.TaskService::search is black listed []
2017-06-07 15:39:28,616 INFO  ApiPrimitiveMaker main Method com.emc.storageos.api.service.impl.resource.TaskService::getBulkIds is black listed []
